{"/home/thillainarayanan/Mywork/hacker/dsa/bootcamp/exercises/reverseint/index.js": {"path":"/home/thillainarayanan/Mywork/hacker/dsa/bootcamp/exercises/reverseint/index.js","statementMap":{"0":{"start":{"line":5,"column":4},"end":{"line":5,"column":15}},"1":{"start":{"line":7,"column":0},"end":{"line":7,"column":28}}},"fnMap":{"0":{"name":"reverseInt","decl":{"start":{"line":3,"column":9},"end":{"line":3,"column":19}},"loc":{"start":{"line":3,"column":24},"end":{"line":6,"column":1}},"line":3}},"branchMap":{},"s":{"0":1,"1":1},"f":{"0":1},"b":{},"_coverageSchema":"1a1c01bbd47fc00a2c39e90264f33305004495a9","hash":"2d29b499949333642ddbba17a4f370e514fd6e3e"}
}
