{"/home/thillainarayanan/Mywork/hacker/dsa/bootcamp/exercises/reverseint/index.js": {"path":"/home/thillainarayanan/Mywork/hacker/dsa/bootcamp/exercises/reverseint/index.js","statementMap":{"0":{"start":{"line":4,"column":15},"end":{"line":4,"column":29}},"1":{"start":{"line":5,"column":23},"end":{"line":5,"column":82}},"2":{"start":{"line":5,"column":67},"end":{"line":5,"column":77}},"3":{"start":{"line":6,"column":4},"end":{"line":6,"column":51}},"4":{"start":{"line":7,"column":4},"end":{"line":7,"column":23}},"5":{"start":{"line":9,"column":0},"end":{"line":9,"column":28}}},"fnMap":{"0":{"name":"reverseInt","decl":{"start":{"line":3,"column":9},"end":{"line":3,"column":19}},"loc":{"start":{"line":3,"column":24},"end":{"line":8,"column":1}},"line":3},"1":{"name":"(anonymous_1)","decl":{"start":{"line":5,"column":52},"end":{"line":5,"column":53}},"loc":{"start":{"line":5,"column":67},"end":{"line":5,"column":77}},"line":5}},"branchMap":{},"s":{"0":6,"1":6,"2":17,"3":6,"4":6,"5":1},"f":{"0":6,"1":17},"b":{},"_coverageSchema":"1a1c01bbd47fc00a2c39e90264f33305004495a9","hash":"bd704b3d06fba9ccb0e924a1b688a9118331519a"}
}
