TN:
SF:check.js
FN:1,sum
FNF:1
FNH:1
FNDA:1,sum
DA:2,1
DA:4,1
LF:2
LH:2
BRF:0
BRH:0
end_of_record
TN:
SF:checkType.ts
FN:2,(anonymous_0)
FN:3,(anonymous_1)
FNF:2
FNH:2
FNDA:2,(anonymous_0)
FNDA:2,(anonymous_1)
DA:2,1
DA:3,2
LF:2
LH:2
BRF:0
BRH:0
end_of_record
TN:
SF:leetcode/problems/kPositiveNumber.js
FNF:0
FNH:0
LF:0
LH:0
BRF:0
BRH:0
end_of_record
TN:
SF:leetcode/problems/largestUniqueNumber.js
FN:7,(anonymous_0)
FNF:1
FNH:1
FNDA:2,(anonymous_0)
DA:7,1
DA:8,2
DA:9,2
DA:10,2
DA:11,13
DA:12,4
DA:14,9
DA:17,2
DA:18,9
DA:19,5
DA:22,2
DA:25,1
LF:12
LH:12
BRDA:11,0,0,4
BRDA:11,0,1,9
BRDA:18,1,0,5
BRDA:18,1,1,4
BRF:4
BRH:4
end_of_record
TN:
SF:leetcode/problems/removeDup.js
FN:6,(anonymous_0)
FNF:1
FNH:1
FNDA:2,(anonymous_0)
DA:6,1
DA:15,2
DA:16,0
DA:18,2
DA:19,2
DA:20,11
DA:21,5
DA:22,5
DA:25,2
DA:28,1
LF:10
LH:9
BRDA:15,0,0,0
BRDA:15,0,1,2
BRDA:20,1,0,5
BRDA:20,1,1,6
BRF:4
BRH:3
end_of_record
TN:
SF:leetcode/problems/removeElement.js
FN:6,(anonymous_0)
FNF:1
FNH:1
FNDA:2,(anonymous_0)
DA:6,1
DA:11,2
DA:12,0
DA:14,2
DA:15,12
DA:16,5
DA:17,5
DA:20,2
DA:21,2
DA:24,1
LF:10
LH:9
BRDA:11,0,0,0
BRDA:11,0,1,2
BRDA:15,1,0,5
BRDA:15,1,1,7
BRF:4
BRH:3
end_of_record
TN:
SF:leetcode/problems/searchInsPos.js
FN:6,(anonymous_0)
FN:11,(anonymous_1)
FNF:2
FNH:2
FNDA:5,(anonymous_0)
FNDA:19,(anonymous_1)
DA:6,1
DA:7,5
DA:8,5
DA:9,5
DA:10,4
DA:11,19
DA:12,4
DA:14,5
DA:17,1
LF:9
LH:9
BRDA:9,0,0,4
BRDA:9,0,1,1
BRF:2
BRH:2
end_of_record
TN:
SF:leetcode/problems/twoSum.js
FN:6,(anonymous_0)
FNF:1
FNH:1
FNDA:3,(anonymous_0)
DA:6,1
DA:7,3
DA:8,3
DA:9,9
DA:10,10
DA:11,3
DA:12,3
DA:16,3
DA:19,1
LF:9
LH:9
BRDA:10,0,0,3
BRDA:10,0,1,7
BRF:2
BRH:2
end_of_record
